<?xml version="1.0" encoding="UTF-8"?>
<Site BuildName="(empty)"
	BuildStamp="20221221-0732-Experimental"
	Name="laptop"
	Generator="ctest-3.16.3"
	CompilerName="/usr/bin/g++"
	CompilerVersion="9.4.0"
	OSName="Linux"
	Hostname="laptop"
	OSRelease="5.15.0-53-generic"
	OSVersion="#59~20.04.1-Ubuntu SMP Thu Oct 20 15:10:22 UTC 2022"
	OSPlatform="x86_64"
	Is64Bits="1"
	VendorString="GenuineIntel"
	VendorID="Intel Corporation"
	FamilyID="6"
	ModelID="140"
	ProcessorCacheSize="8192"
	NumberOfLogicalCPU="8"
	NumberOfPhysicalCPU="4"
	TotalVirtualMemory="2047"
	TotalPhysicalMemory="15704"
	LogicalProcessorsPerPhysical="2"
	ProcessorClockFrequency="3310.23"
	>
	<Testing>
		<StartDateTime>Dec 21 16:32 KST</StartDateTime>
		<StartTestTime>1671607961</StartTestTime>
		<TestList/>
		<EndDateTime>Dec 21 16:32 KST</EndDateTime>
		<EndTestTime>1671607961</EndTestTime>
		<ElapsedMinutes>0</ElapsedMinutes>
	</Testing>
</Site>
